WARNING - 2024-05-21 01:08:36 --> [DEPRECATED] Optional parameter $nro_piso declared before required parameter $estado is implicitly treated as a required parameter in APPPATH\Models\HabitacionModel.php on line 50.
 1 SYSTEMPATH\Autoloader\Autoloader.php(317): include_once('C:\\xampp\\htdocs\\sistema_hotelero\\system\\Debug\\Exceptions.php')
 2 SYSTEMPATH\Autoloader\Autoloader.php(296): CodeIgniter\Autoloader\Autoloader->includeFile('C:\\xampp\\htdocs\\sistema_hotelero\\app\\Models\\HabitacionModel.php')
 3 SYSTEMPATH\Autoloader\Autoloader.php(272): CodeIgniter\Autoloader\Autoloader->loadInNamespace('App\\Models\\HabitacionModel')
 4 APPPATH\Views\pages\recepcion.php(19): CodeIgniter\Autoloader\Autoloader->loadClass('App\\Models\\HabitacionModel')
 5 SYSTEMPATH\View\View.php(234): include('C:\\xampp\\htdocs\\sistema_hotelero\\app\\Views\\pages\\recepcion.php')
 6 SYSTEMPATH\View\View.php(237): CodeIgniter\View\View->CodeIgniter\View\{closure}()
 7 SYSTEMPATH\Common.php(1171): CodeIgniter\View\View->render('pages/recepcion', [], true)
 8 APPPATH\Controllers\Home.php(41): view('pages/recepcion')
 9 SYSTEMPATH\CodeIgniter.php(933): App\Controllers\Home->recepcion()
10 SYSTEMPATH\CodeIgniter.php(509): CodeIgniter\CodeIgniter->runController(Object(App\Controllers\Home))
11 SYSTEMPATH\CodeIgniter.php(355): CodeIgniter\CodeIgniter->handleRequest(null, Object(Config\Cache), false)
12 SYSTEMPATH\Boot.php(312): CodeIgniter\CodeIgniter->run()
13 SYSTEMPATH\Boot.php(67): CodeIgniter\Boot::runCodeIgniter(Object(CodeIgniter\CodeIgniter))
14 FCPATH\index.php(56): CodeIgniter\Boot::bootWeb(Object(Config\Paths))
WARNING - 2024-05-21 01:08:36 --> [DEPRECATED] Optional parameter $precio declared before required parameter $estado is implicitly treated as a required parameter in APPPATH\Models\HabitacionModel.php on line 0.
 1 SYSTEMPATH\Autoloader\Autoloader.php(317): include_once('C:\\xampp\\htdocs\\sistema_hotelero\\system\\Debug\\Exceptions.php')
 2 SYSTEMPATH\Autoloader\Autoloader.php(296): CodeIgniter\Autoloader\Autoloader->includeFile('C:\\xampp\\htdocs\\sistema_hotelero\\app\\Models\\HabitacionModel.php')
 3 SYSTEMPATH\Autoloader\Autoloader.php(272): CodeIgniter\Autoloader\Autoloader->loadInNamespace('App\\Models\\HabitacionModel')
 4 APPPATH\Views\pages\recepcion.php(19): CodeIgniter\Autoloader\Autoloader->loadClass('App\\Models\\HabitacionModel')
 5 SYSTEMPATH\View\View.php(234): include('C:\\xampp\\htdocs\\sistema_hotelero\\app\\Views\\pages\\recepcion.php')
 6 SYSTEMPATH\View\View.php(237): CodeIgniter\View\View->CodeIgniter\View\{closure}()
 7 SYSTEMPATH\Common.php(1171): CodeIgniter\View\View->render('pages/recepcion', [], true)
 8 APPPATH\Controllers\Home.php(41): view('pages/recepcion')
 9 SYSTEMPATH\CodeIgniter.php(933): App\Controllers\Home->recepcion()
10 SYSTEMPATH\CodeIgniter.php(509): CodeIgniter\CodeIgniter->runController(Object(App\Controllers\Home))
11 SYSTEMPATH\CodeIgniter.php(355): CodeIgniter\CodeIgniter->handleRequest(null, Object(Config\Cache), false)
12 SYSTEMPATH\Boot.php(312): CodeIgniter\CodeIgniter->run()
13 SYSTEMPATH\Boot.php(67): CodeIgniter\Boot::runCodeIgniter(Object(CodeIgniter\CodeIgniter))
14 FCPATH\index.php(56): CodeIgniter\Boot::bootWeb(Object(Config\Paths))
WARNING - 2024-05-21 01:08:39 --> [DEPRECATED] Optional parameter $nro_piso declared before required parameter $estado is implicitly treated as a required parameter in APPPATH\Models\HabitacionModel.php on line 50.
 1 SYSTEMPATH\Autoloader\Autoloader.php(317): include_once('C:\\xampp\\htdocs\\sistema_hotelero\\system\\Debug\\Exceptions.php')
 2 SYSTEMPATH\Autoloader\Autoloader.php(296): CodeIgniter\Autoloader\Autoloader->includeFile('C:\\xampp\\htdocs\\sistema_hotelero\\app\\Models\\HabitacionModel.php')
 3 SYSTEMPATH\Autoloader\Autoloader.php(272): CodeIgniter\Autoloader\Autoloader->loadInNamespace('App\\Models\\HabitacionModel')
 4 APPPATH\Views\pages\recepcion.php(19): CodeIgniter\Autoloader\Autoloader->loadClass('App\\Models\\HabitacionModel')
 5 SYSTEMPATH\View\View.php(234): include('C:\\xampp\\htdocs\\sistema_hotelero\\app\\Views\\pages\\recepcion.php')
 6 SYSTEMPATH\View\View.php(237): CodeIgniter\View\View->CodeIgniter\View\{closure}()
 7 SYSTEMPATH\Common.php(1171): CodeIgniter\View\View->render('pages/recepcion', [], true)
 8 APPPATH\Controllers\Home.php(41): view('pages/recepcion')
 9 SYSTEMPATH\CodeIgniter.php(933): App\Controllers\Home->recepcion()
10 SYSTEMPATH\CodeIgniter.php(509): CodeIgniter\CodeIgniter->runController(Object(App\Controllers\Home))
11 SYSTEMPATH\CodeIgniter.php(355): CodeIgniter\CodeIgniter->handleRequest(null, Object(Config\Cache), false)
12 SYSTEMPATH\Boot.php(312): CodeIgniter\CodeIgniter->run()
13 SYSTEMPATH\Boot.php(67): CodeIgniter\Boot::runCodeIgniter(Object(CodeIgniter\CodeIgniter))
14 FCPATH\index.php(56): CodeIgniter\Boot::bootWeb(Object(Config\Paths))
WARNING - 2024-05-21 01:08:39 --> [DEPRECATED] Optional parameter $precio declared before required parameter $estado is implicitly treated as a required parameter in APPPATH\Models\HabitacionModel.php on line 0.
 1 SYSTEMPATH\Autoloader\Autoloader.php(317): include_once('C:\\xampp\\htdocs\\sistema_hotelero\\system\\Debug\\Exceptions.php')
 2 SYSTEMPATH\Autoloader\Autoloader.php(296): CodeIgniter\Autoloader\Autoloader->includeFile('C:\\xampp\\htdocs\\sistema_hotelero\\app\\Models\\HabitacionModel.php')
 3 SYSTEMPATH\Autoloader\Autoloader.php(272): CodeIgniter\Autoloader\Autoloader->loadInNamespace('App\\Models\\HabitacionModel')
 4 APPPATH\Views\pages\recepcion.php(19): CodeIgniter\Autoloader\Autoloader->loadClass('App\\Models\\HabitacionModel')
 5 SYSTEMPATH\View\View.php(234): include('C:\\xampp\\htdocs\\sistema_hotelero\\app\\Views\\pages\\recepcion.php')
 6 SYSTEMPATH\View\View.php(237): CodeIgniter\View\View->CodeIgniter\View\{closure}()
 7 SYSTEMPATH\Common.php(1171): CodeIgniter\View\View->render('pages/recepcion', [], true)
 8 APPPATH\Controllers\Home.php(41): view('pages/recepcion')
 9 SYSTEMPATH\CodeIgniter.php(933): App\Controllers\Home->recepcion()
10 SYSTEMPATH\CodeIgniter.php(509): CodeIgniter\CodeIgniter->runController(Object(App\Controllers\Home))
11 SYSTEMPATH\CodeIgniter.php(355): CodeIgniter\CodeIgniter->handleRequest(null, Object(Config\Cache), false)
12 SYSTEMPATH\Boot.php(312): CodeIgniter\CodeIgniter->run()
13 SYSTEMPATH\Boot.php(67): CodeIgniter\Boot::runCodeIgniter(Object(CodeIgniter\CodeIgniter))
14 FCPATH\index.php(56): CodeIgniter\Boot::bootWeb(Object(Config\Paths))
CRITICAL - 2024-05-21 01:47:40 --> BadMethodCallException: Call to undefined method App\Models\HabitacionModel::obtenerHabitaciones
[Method: GET, Route: recepcion]
in SYSTEMPATH\Model.php on line 921.
 1 APPPATH\Views\pages\recepcion.php(19): CodeIgniter\Model->__call('obtenerHabitaciones', [])
 2 SYSTEMPATH\View\View.php(234): include('C:\\xampp\\htdocs\\sistema_hotelero\\app\\Views\\pages\\recepcion.php')
 3 SYSTEMPATH\View\View.php(237): CodeIgniter\View\View->CodeIgniter\View\{closure}()
 4 SYSTEMPATH\Common.php(1171): CodeIgniter\View\View->render('pages/recepcion', [], true)
 5 APPPATH\Controllers\Home.php(41): view('pages/recepcion')
 6 SYSTEMPATH\CodeIgniter.php(933): App\Controllers\Home->recepcion()
 7 SYSTEMPATH\CodeIgniter.php(509): CodeIgniter\CodeIgniter->runController(Object(App\Controllers\Home))
 8 SYSTEMPATH\CodeIgniter.php(355): CodeIgniter\CodeIgniter->handleRequest(null, Object(Config\Cache), false)
 9 SYSTEMPATH\Boot.php(312): CodeIgniter\CodeIgniter->run()
10 SYSTEMPATH\Boot.php(67): CodeIgniter\Boot::runCodeIgniter(Object(CodeIgniter\CodeIgniter))
11 FCPATH\index.php(56): CodeIgniter\Boot::bootWeb(Object(Config\Paths))
CRITICAL - 2024-05-21 01:58:28 --> ParseError: syntax error, unexpected end of file
[Method: GET, Route: /]
in APPPATH\Config\Routes.php on line 23.
 1 SYSTEMPATH\CodeIgniter.php(823): CodeIgniter\Router\RouteCollection->loadRoutes()
 2 SYSTEMPATH\CodeIgniter.php(457): CodeIgniter\CodeIgniter->tryToRouteIt(null)
 3 SYSTEMPATH\CodeIgniter.php(355): CodeIgniter\CodeIgniter->handleRequest(null, Object(Config\Cache), false)
 4 SYSTEMPATH\Boot.php(312): CodeIgniter\CodeIgniter->run()
 5 SYSTEMPATH\Boot.php(67): CodeIgniter\Boot::runCodeIgniter(Object(CodeIgniter\CodeIgniter))
 6 FCPATH\index.php(56): CodeIgniter\Boot::bootWeb(Object(Config\Paths))
CRITICAL - 2024-05-21 02:05:03 --> Error: Class "Habitaciones" not found
[Method: GET, Route: api/habitaciones]
in APPPATH\Config\Routes.php on line 23.
 1 SYSTEMPATH\Router\RouteCollection.php(800): CodeIgniter\Router\RouteCollection->{closure}(Object(CodeIgniter\Router\RouteCollection))
 2 APPPATH\Config\Routes.php(22): CodeIgniter\Router\RouteCollection->group('api', [...], Object(Closure))
 3 SYSTEMPATH\Router\RouteCollection.php(340): require('C:\\xampp\\htdocs\\sistema_hotelero\\app\\Config\\Routes.php')
 4 SYSTEMPATH\CodeIgniter.php(823): CodeIgniter\Router\RouteCollection->loadRoutes()
 5 SYSTEMPATH\CodeIgniter.php(457): CodeIgniter\CodeIgniter->tryToRouteIt(null)
 6 SYSTEMPATH\CodeIgniter.php(355): CodeIgniter\CodeIgniter->handleRequest(null, Object(Config\Cache), false)
 7 SYSTEMPATH\Boot.php(312): CodeIgniter\CodeIgniter->run()
 8 SYSTEMPATH\Boot.php(67): CodeIgniter\Boot::runCodeIgniter(Object(CodeIgniter\CodeIgniter))
 9 FCPATH\index.php(56): CodeIgniter\Boot::bootWeb(Object(Config\Paths))
CRITICAL - 2024-05-21 02:10:32 --> Error: Class "App\Controllers\API\HabitacionModel" not found
[Method: GET, Route: api/habitaciones]
in APPPATH\Controllers\API\Habitaciones.php on line 10.
 1 SYSTEMPATH\CodeIgniter.php(903): App\Controllers\API\Habitaciones->__construct()
 2 SYSTEMPATH\CodeIgniter.php(500): CodeIgniter\CodeIgniter->createController()
 3 SYSTEMPATH\CodeIgniter.php(355): CodeIgniter\CodeIgniter->handleRequest(null, Object(Config\Cache), false)
 4 SYSTEMPATH\Boot.php(312): CodeIgniter\CodeIgniter->run()
 5 SYSTEMPATH\Boot.php(67): CodeIgniter\Boot::runCodeIgniter(Object(CodeIgniter\CodeIgniter))
 6 FCPATH\index.php(56): CodeIgniter\Boot::bootWeb(Object(Config\Paths))
ERROR - 2024-05-21 02:12:47 --> Error connecting to the database: mysqli_sql_exception: Access denied for user 'root'@'localhost' (using password: YES) in C:\xampp\htdocs\sistema_hotelero\system\Database\MySQLi\Connection.php:186
Stack trace:
#0 C:\xampp\htdocs\sistema_hotelero\system\Database\MySQLi\Connection.php(186): mysqli->real_connect('localhost', 'root', Object(SensitiveParameterValue), 'sistema_hoteler...', 3306, '', 0)
#1 C:\xampp\htdocs\sistema_hotelero\system\Database\BaseConnection.php(421): CodeIgniter\Database\MySQLi\Connection->connect(false)
#2 C:\xampp\htdocs\sistema_hotelero\system\Database\BaseConnection.php(604): CodeIgniter\Database\BaseConnection->initialize()
#3 C:\xampp\htdocs\sistema_hotelero\system\Database\BaseBuilder.php(1629): CodeIgniter\Database\BaseConnection->query('SELECT *\nFROM `...', Array, false)
#4 C:\xampp\htdocs\sistema_hotelero\system\Model.php(275): CodeIgniter\Database\BaseBuilder->get()
#5 C:\xampp\htdocs\sistema_hotelero\system\BaseModel.php(676): CodeIgniter\Model->doFindAll(0, 0)
#6 C:\xampp\htdocs\sistema_hotelero\app\Controllers\API\Habitaciones.php(17): CodeIgniter\BaseModel->findAll()
#7 C:\xampp\htdocs\sistema_hotelero\system\CodeIgniter.php(933): App\Controllers\API\Habitaciones->index()
#8 C:\xampp\htdocs\sistema_hotelero\system\CodeIgniter.php(509): CodeIgniter\CodeIgniter->runController(Object(App\Controllers\API\Habitaciones))
#9 C:\xampp\htdocs\sistema_hotelero\system\CodeIgniter.php(355): CodeIgniter\CodeIgniter->handleRequest(NULL, Object(Config\Cache), false)
#10 C:\xampp\htdocs\sistema_hotelero\system\Boot.php(312): CodeIgniter\CodeIgniter->run()
#11 C:\xampp\htdocs\sistema_hotelero\system\Boot.php(67): CodeIgniter\Boot::runCodeIgniter(Object(CodeIgniter\CodeIgniter))
#12 C:\xampp\htdocs\sistema_hotelero\index.php(56): CodeIgniter\Boot::bootWeb(Object(Config\Paths))
#13 {main}

Next CodeIgniter\Database\Exceptions\DatabaseException: Access denied for user '****'@'localhost' (using password: YES) in C:\xampp\htdocs\sistema_hotelero\system\Database\MySQLi\Connection.php:231
Stack trace:
#0 C:\xampp\htdocs\sistema_hotelero\system\Database\BaseConnection.php(421): CodeIgniter\Database\MySQLi\Connection->connect(false)
#1 C:\xampp\htdocs\sistema_hotelero\system\Database\BaseConnection.php(604): CodeIgniter\Database\BaseConnection->initialize()
#2 C:\xampp\htdocs\sistema_hotelero\system\Database\BaseBuilder.php(1629): CodeIgniter\Database\BaseConnection->query('SELECT *\nFROM `...', Array, false)
#3 C:\xampp\htdocs\sistema_hotelero\system\Model.php(275): CodeIgniter\Database\BaseBuilder->get()
#4 C:\xampp\htdocs\sistema_hotelero\system\BaseModel.php(676): CodeIgniter\Model->doFindAll(0, 0)
#5 C:\xampp\htdocs\sistema_hotelero\app\Controllers\API\Habitaciones.php(17): CodeIgniter\BaseModel->findAll()
#6 C:\xampp\htdocs\sistema_hotelero\system\CodeIgniter.php(933): App\Controllers\API\Habitaciones->index()
#7 C:\xampp\htdocs\sistema_hotelero\system\CodeIgniter.php(509): CodeIgniter\CodeIgniter->runController(Object(App\Controllers\API\Habitaciones))
#8 C:\xampp\htdocs\sistema_hotelero\system\CodeIgniter.php(355): CodeIgniter\CodeIgniter->handleRequest(NULL, Object(Config\Cache), false)
#9 C:\xampp\htdocs\sistema_hotelero\system\Boot.php(312): CodeIgniter\CodeIgniter->run()
#10 C:\xampp\htdocs\sistema_hotelero\system\Boot.php(67): CodeIgniter\Boot::runCodeIgniter(Object(CodeIgniter\CodeIgniter))
#11 C:\xampp\htdocs\sistema_hotelero\index.php(56): CodeIgniter\Boot::bootWeb(Object(Config\Paths))
#12 {main}
CRITICAL - 2024-05-21 02:12:47 --> CodeIgniter\Database\Exceptions\DatabaseException: Unable to connect to the database.
Main connection [MySQLi]: Access denied for user '****'@'localhost' (using password: YES)
[Method: GET, Route: api/habitaciones]
in SYSTEMPATH\Database\BaseConnection.php on line 457.
 1 SYSTEMPATH\Database\BaseConnection.php(604): CodeIgniter\Database\BaseConnection->initialize()
 2 SYSTEMPATH\Database\BaseBuilder.php(1629): CodeIgniter\Database\BaseConnection->query('SELECT *
FROM `habitacion`', [], false)
 3 SYSTEMPATH\Model.php(275): CodeIgniter\Database\BaseBuilder->get()
 4 SYSTEMPATH\BaseModel.php(676): CodeIgniter\Model->doFindAll(0, 0)
 5 APPPATH\Controllers\API\Habitaciones.php(17): CodeIgniter\BaseModel->findAll()
 6 SYSTEMPATH\CodeIgniter.php(933): App\Controllers\API\Habitaciones->index()
 7 SYSTEMPATH\CodeIgniter.php(509): CodeIgniter\CodeIgniter->runController(Object(App\Controllers\API\Habitaciones))
 8 SYSTEMPATH\CodeIgniter.php(355): CodeIgniter\CodeIgniter->handleRequest(null, Object(Config\Cache), false)
 9 SYSTEMPATH\Boot.php(312): CodeIgniter\CodeIgniter->run()
10 SYSTEMPATH\Boot.php(67): CodeIgniter\Boot::runCodeIgniter(Object(CodeIgniter\CodeIgniter))
11 FCPATH\index.php(56): CodeIgniter\Boot::bootWeb(Object(Config\Paths))
