CRITICAL - 2024-05-01 15:02:24 --> ParseError: syntax error, unexpected token "."
[Method: GET, Route: /]
in APPPATH\Controllers\Home.php on line 19.
 1 SYSTEMPATH\Autoloader\Autoloader.php(296): CodeIgniter\Autoloader\Autoloader->includeFile('C:\\xampp\\htdocs\\sistema_hotelero\\app\\Controllers\\Home.php')
 2 SYSTEMPATH\Autoloader\Autoloader.php(272): CodeIgniter\Autoloader\Autoloader->loadInNamespace('App\\Controllers\\Home')
 3 [internal function]: CodeIgniter\Autoloader\Autoloader->loadClass('App\\Controllers\\Home')
 4 SYSTEMPATH\CodeIgniter.php(887): class_exists('\\App\\Controllers\\Home', true)
 5 SYSTEMPATH\CodeIgniter.php(496): CodeIgniter\CodeIgniter->startController()
 6 SYSTEMPATH\CodeIgniter.php(355): CodeIgniter\CodeIgniter->handleRequest(null, Object(Config\Cache), false)
 7 SYSTEMPATH\Boot.php(312): CodeIgniter\CodeIgniter->run()
 8 SYSTEMPATH\Boot.php(67): CodeIgniter\Boot::runCodeIgniter(Object(CodeIgniter\CodeIgniter))
 9 FCPATH\index.php(56): CodeIgniter\Boot::bootWeb(Object(Config\Paths))
CRITICAL - 2024-05-01 15:23:25 --> ParseError: syntax error, unexpected token "/", expecting "," or ";"
[Method: GET, Route: recepcion]
in APPPATH\Views\pages\recepcion.php on line 2.
 1 SYSTEMPATH\View\View.php(237): CodeIgniter\View\View->CodeIgniter\View\{closure}()
 2 SYSTEMPATH\Common.php(1171): CodeIgniter\View\View->render('pages/recepcion', [], true)
 3 APPPATH\Controllers\Home.php(41): view('pages/recepcion')
 4 SYSTEMPATH\CodeIgniter.php(933): App\Controllers\Home->recepcion()
 5 SYSTEMPATH\CodeIgniter.php(509): CodeIgniter\CodeIgniter->runController(Object(App\Controllers\Home))
 6 SYSTEMPATH\CodeIgniter.php(355): CodeIgniter\CodeIgniter->handleRequest(null, Object(Config\Cache), false)
 7 SYSTEMPATH\Boot.php(312): CodeIgniter\CodeIgniter->run()
 8 SYSTEMPATH\Boot.php(67): CodeIgniter\Boot::runCodeIgniter(Object(CodeIgniter\CodeIgniter))
 9 FCPATH\index.php(56): CodeIgniter\Boot::bootWeb(Object(Config\Paths))
CRITICAL - 2024-05-01 15:23:48 --> ErrorException: The use statement with non-compound name 'Models' has no effect
[Method: GET, Route: recepcion]
in APPPATH\Views\pages\recepcion.php on line 2.
 1 SYSTEMPATH\View\View.php(234): CodeIgniter\Debug\Exceptions->errorHandler(2, 'The use statement with non-compound name \'Models\' has no effect', 'C:\\xampp\\htdocs\\sistema_hotelero\\app\\Views\\pages\\recepcion.php', 2)
 2 SYSTEMPATH\View\View.php(234): include()
 3 SYSTEMPATH\View\View.php(237): CodeIgniter\View\View->CodeIgniter\View\{closure}()
 4 SYSTEMPATH\Common.php(1171): CodeIgniter\View\View->render('pages/recepcion', [], true)
 5 APPPATH\Controllers\Home.php(41): view('pages/recepcion')
 6 SYSTEMPATH\CodeIgniter.php(933): App\Controllers\Home->recepcion()
 7 SYSTEMPATH\CodeIgniter.php(509): CodeIgniter\CodeIgniter->runController(Object(App\Controllers\Home))
 8 SYSTEMPATH\CodeIgniter.php(355): CodeIgniter\CodeIgniter->handleRequest(null, Object(Config\Cache), false)
 9 SYSTEMPATH\Boot.php(312): CodeIgniter\CodeIgniter->run()
10 SYSTEMPATH\Boot.php(67): CodeIgniter\Boot::runCodeIgniter(Object(CodeIgniter\CodeIgniter))
11 FCPATH\index.php(56): CodeIgniter\Boot::bootWeb(Object(Config\Paths))
CRITICAL - 2024-05-01 15:23:54 --> Error: Undefined constant "Pisos"
[Method: GET, Route: recepcion]
in APPPATH\Views\pages\recepcion.php on line 10.
 1 SYSTEMPATH\View\View.php(234): include()
 2 SYSTEMPATH\View\View.php(237): CodeIgniter\View\View->CodeIgniter\View\{closure}()
 3 SYSTEMPATH\Common.php(1171): CodeIgniter\View\View->render('pages/recepcion', [], true)
 4 APPPATH\Controllers\Home.php(41): view('pages/recepcion')
 5 SYSTEMPATH\CodeIgniter.php(933): App\Controllers\Home->recepcion()
 6 SYSTEMPATH\CodeIgniter.php(509): CodeIgniter\CodeIgniter->runController(Object(App\Controllers\Home))
 7 SYSTEMPATH\CodeIgniter.php(355): CodeIgniter\CodeIgniter->handleRequest(null, Object(Config\Cache), false)
 8 SYSTEMPATH\Boot.php(312): CodeIgniter\CodeIgniter->run()
 9 SYSTEMPATH\Boot.php(67): CodeIgniter\Boot::runCodeIgniter(Object(CodeIgniter\CodeIgniter))
10 FCPATH\index.php(56): CodeIgniter\Boot::bootWeb(Object(Config\Paths))
CRITICAL - 2024-05-01 15:26:02 --> ParseError: syntax error, unexpected token "->"
[Method: GET, Route: recepcion]
in APPPATH\Views\pages\recepcion.php on line 10.
 1 SYSTEMPATH\View\View.php(237): CodeIgniter\View\View->CodeIgniter\View\{closure}()
 2 SYSTEMPATH\Common.php(1171): CodeIgniter\View\View->render('pages/recepcion', [], true)
 3 APPPATH\Controllers\Home.php(41): view('pages/recepcion')
 4 SYSTEMPATH\CodeIgniter.php(933): App\Controllers\Home->recepcion()
 5 SYSTEMPATH\CodeIgniter.php(509): CodeIgniter\CodeIgniter->runController(Object(App\Controllers\Home))
 6 SYSTEMPATH\CodeIgniter.php(355): CodeIgniter\CodeIgniter->handleRequest(null, Object(Config\Cache), false)
 7 SYSTEMPATH\Boot.php(312): CodeIgniter\CodeIgniter->run()
 8 SYSTEMPATH\Boot.php(67): CodeIgniter\Boot::runCodeIgniter(Object(CodeIgniter\CodeIgniter))
 9 FCPATH\index.php(56): CodeIgniter\Boot::bootWeb(Object(Config\Paths))
CRITICAL - 2024-05-01 15:26:17 --> Error: Class "Pisos" not found
[Method: GET, Route: recepcion]
in APPPATH\Views\pages\recepcion.php on line 10.
 1 SYSTEMPATH\View\View.php(234): include()
 2 SYSTEMPATH\View\View.php(237): CodeIgniter\View\View->CodeIgniter\View\{closure}()
 3 SYSTEMPATH\Common.php(1171): CodeIgniter\View\View->render('pages/recepcion', [], true)
 4 APPPATH\Controllers\Home.php(41): view('pages/recepcion')
 5 SYSTEMPATH\CodeIgniter.php(933): App\Controllers\Home->recepcion()
 6 SYSTEMPATH\CodeIgniter.php(509): CodeIgniter\CodeIgniter->runController(Object(App\Controllers\Home))
 7 SYSTEMPATH\CodeIgniter.php(355): CodeIgniter\CodeIgniter->handleRequest(null, Object(Config\Cache), false)
 8 SYSTEMPATH\Boot.php(312): CodeIgniter\CodeIgniter->run()
 9 SYSTEMPATH\Boot.php(67): CodeIgniter\Boot::runCodeIgniter(Object(CodeIgniter\CodeIgniter))
10 FCPATH\index.php(56): CodeIgniter\Boot::bootWeb(Object(Config\Paths))
CRITICAL - 2024-05-01 15:26:59 --> Error: Class "Pisos" not found
[Method: GET, Route: recepcion]
in APPPATH\Views\pages\recepcion.php on line 10.
 1 SYSTEMPATH\View\View.php(234): include()
 2 SYSTEMPATH\View\View.php(237): CodeIgniter\View\View->CodeIgniter\View\{closure}()
 3 SYSTEMPATH\Common.php(1171): CodeIgniter\View\View->render('pages/recepcion', [], true)
 4 APPPATH\Controllers\Home.php(41): view('pages/recepcion')
 5 SYSTEMPATH\CodeIgniter.php(933): App\Controllers\Home->recepcion()
 6 SYSTEMPATH\CodeIgniter.php(509): CodeIgniter\CodeIgniter->runController(Object(App\Controllers\Home))
 7 SYSTEMPATH\CodeIgniter.php(355): CodeIgniter\CodeIgniter->handleRequest(null, Object(Config\Cache), false)
 8 SYSTEMPATH\Boot.php(312): CodeIgniter\CodeIgniter->run()
 9 SYSTEMPATH\Boot.php(67): CodeIgniter\Boot::runCodeIgniter(Object(CodeIgniter\CodeIgniter))
10 FCPATH\index.php(56): CodeIgniter\Boot::bootWeb(Object(Config\Paths))
CRITICAL - 2024-05-01 15:27:00 --> Error: Class "Pisos" not found
[Method: GET, Route: recepcion]
in APPPATH\Views\pages\recepcion.php on line 10.
 1 SYSTEMPATH\View\View.php(234): include()
 2 SYSTEMPATH\View\View.php(237): CodeIgniter\View\View->CodeIgniter\View\{closure}()
 3 SYSTEMPATH\Common.php(1171): CodeIgniter\View\View->render('pages/recepcion', [], true)
 4 APPPATH\Controllers\Home.php(41): view('pages/recepcion')
 5 SYSTEMPATH\CodeIgniter.php(933): App\Controllers\Home->recepcion()
 6 SYSTEMPATH\CodeIgniter.php(509): CodeIgniter\CodeIgniter->runController(Object(App\Controllers\Home))
 7 SYSTEMPATH\CodeIgniter.php(355): CodeIgniter\CodeIgniter->handleRequest(null, Object(Config\Cache), false)
 8 SYSTEMPATH\Boot.php(312): CodeIgniter\CodeIgniter->run()
 9 SYSTEMPATH\Boot.php(67): CodeIgniter\Boot::runCodeIgniter(Object(CodeIgniter\CodeIgniter))
10 FCPATH\index.php(56): CodeIgniter\Boot::bootWeb(Object(Config\Paths))
CRITICAL - 2024-05-01 15:27:15 --> Error: Class "CodeIgniter\Model\Pisos" not found
[Method: GET, Route: recepcion]
in APPPATH\Views\pages\recepcion.php on line 10.
 1 SYSTEMPATH\View\View.php(234): include()
 2 SYSTEMPATH\View\View.php(237): CodeIgniter\View\View->CodeIgniter\View\{closure}()
 3 SYSTEMPATH\Common.php(1171): CodeIgniter\View\View->render('pages/recepcion', [], true)
 4 APPPATH\Controllers\Home.php(41): view('pages/recepcion')
 5 SYSTEMPATH\CodeIgniter.php(933): App\Controllers\Home->recepcion()
 6 SYSTEMPATH\CodeIgniter.php(509): CodeIgniter\CodeIgniter->runController(Object(App\Controllers\Home))
 7 SYSTEMPATH\CodeIgniter.php(355): CodeIgniter\CodeIgniter->handleRequest(null, Object(Config\Cache), false)
 8 SYSTEMPATH\Boot.php(312): CodeIgniter\CodeIgniter->run()
 9 SYSTEMPATH\Boot.php(67): CodeIgniter\Boot::runCodeIgniter(Object(CodeIgniter\CodeIgniter))
10 FCPATH\index.php(56): CodeIgniter\Boot::bootWeb(Object(Config\Paths))
CRITICAL - 2024-05-01 15:27:20 --> Error: Class "CodeIgniter\Models\Pisos" not found
[Method: GET, Route: recepcion]
in APPPATH\Views\pages\recepcion.php on line 10.
 1 SYSTEMPATH\View\View.php(234): include()
 2 SYSTEMPATH\View\View.php(237): CodeIgniter\View\View->CodeIgniter\View\{closure}()
 3 SYSTEMPATH\Common.php(1171): CodeIgniter\View\View->render('pages/recepcion', [], true)
 4 APPPATH\Controllers\Home.php(41): view('pages/recepcion')
 5 SYSTEMPATH\CodeIgniter.php(933): App\Controllers\Home->recepcion()
 6 SYSTEMPATH\CodeIgniter.php(509): CodeIgniter\CodeIgniter->runController(Object(App\Controllers\Home))
 7 SYSTEMPATH\CodeIgniter.php(355): CodeIgniter\CodeIgniter->handleRequest(null, Object(Config\Cache), false)
 8 SYSTEMPATH\Boot.php(312): CodeIgniter\CodeIgniter->run()
 9 SYSTEMPATH\Boot.php(67): CodeIgniter\Boot::runCodeIgniter(Object(CodeIgniter\CodeIgniter))
10 FCPATH\index.php(56): CodeIgniter\Boot::bootWeb(Object(Config\Paths))
CRITICAL - 2024-05-01 15:27:27 --> Error: Class "Pisos" not found
[Method: GET, Route: recepcion]
in APPPATH\Views\pages\recepcion.php on line 10.
 1 SYSTEMPATH\View\View.php(234): include()
 2 SYSTEMPATH\View\View.php(237): CodeIgniter\View\View->CodeIgniter\View\{closure}()
 3 SYSTEMPATH\Common.php(1171): CodeIgniter\View\View->render('pages/recepcion', [], true)
 4 APPPATH\Controllers\Home.php(41): view('pages/recepcion')
 5 SYSTEMPATH\CodeIgniter.php(933): App\Controllers\Home->recepcion()
 6 SYSTEMPATH\CodeIgniter.php(509): CodeIgniter\CodeIgniter->runController(Object(App\Controllers\Home))
 7 SYSTEMPATH\CodeIgniter.php(355): CodeIgniter\CodeIgniter->handleRequest(null, Object(Config\Cache), false)
 8 SYSTEMPATH\Boot.php(312): CodeIgniter\CodeIgniter->run()
 9 SYSTEMPATH\Boot.php(67): CodeIgniter\Boot::runCodeIgniter(Object(CodeIgniter\CodeIgniter))
10 FCPATH\index.php(56): CodeIgniter\Boot::bootWeb(Object(Config\Paths))
CRITICAL - 2024-05-01 15:27:35 --> Error: Class "Pisos" not found
[Method: GET, Route: recepcion]
in APPPATH\Views\pages\recepcion.php on line 10.
 1 SYSTEMPATH\View\View.php(234): include()
 2 SYSTEMPATH\View\View.php(237): CodeIgniter\View\View->CodeIgniter\View\{closure}()
 3 SYSTEMPATH\Common.php(1171): CodeIgniter\View\View->render('pages/recepcion', [], true)
 4 APPPATH\Controllers\Home.php(41): view('pages/recepcion')
 5 SYSTEMPATH\CodeIgniter.php(933): App\Controllers\Home->recepcion()
 6 SYSTEMPATH\CodeIgniter.php(509): CodeIgniter\CodeIgniter->runController(Object(App\Controllers\Home))
 7 SYSTEMPATH\CodeIgniter.php(355): CodeIgniter\CodeIgniter->handleRequest(null, Object(Config\Cache), false)
 8 SYSTEMPATH\Boot.php(312): CodeIgniter\CodeIgniter->run()
 9 SYSTEMPATH\Boot.php(67): CodeIgniter\Boot::runCodeIgniter(Object(CodeIgniter\CodeIgniter))
10 FCPATH\index.php(56): CodeIgniter\Boot::bootWeb(Object(Config\Paths))
CRITICAL - 2024-05-01 15:27:41 --> Error: Class "App\Models\Pisos" not found
[Method: GET, Route: recepcion]
in APPPATH\Views\pages\recepcion.php on line 10.
 1 SYSTEMPATH\View\View.php(234): include()
 2 SYSTEMPATH\View\View.php(237): CodeIgniter\View\View->CodeIgniter\View\{closure}()
 3 SYSTEMPATH\Common.php(1171): CodeIgniter\View\View->render('pages/recepcion', [], true)
 4 APPPATH\Controllers\Home.php(41): view('pages/recepcion')
 5 SYSTEMPATH\CodeIgniter.php(933): App\Controllers\Home->recepcion()
 6 SYSTEMPATH\CodeIgniter.php(509): CodeIgniter\CodeIgniter->runController(Object(App\Controllers\Home))
 7 SYSTEMPATH\CodeIgniter.php(355): CodeIgniter\CodeIgniter->handleRequest(null, Object(Config\Cache), false)
 8 SYSTEMPATH\Boot.php(312): CodeIgniter\CodeIgniter->run()
 9 SYSTEMPATH\Boot.php(67): CodeIgniter\Boot::runCodeIgniter(Object(CodeIgniter\CodeIgniter))
10 FCPATH\index.php(56): CodeIgniter\Boot::bootWeb(Object(Config\Paths))
CRITICAL - 2024-05-01 15:27:54 --> Error: Class "App\Models\Pisos" not found
[Method: GET, Route: recepcion]
in APPPATH\Views\pages\recepcion.php on line 10.
 1 SYSTEMPATH\View\View.php(234): include()
 2 SYSTEMPATH\View\View.php(237): CodeIgniter\View\View->CodeIgniter\View\{closure}()
 3 SYSTEMPATH\Common.php(1171): CodeIgniter\View\View->render('pages/recepcion', [], true)
 4 APPPATH\Controllers\Home.php(41): view('pages/recepcion')
 5 SYSTEMPATH\CodeIgniter.php(933): App\Controllers\Home->recepcion()
 6 SYSTEMPATH\CodeIgniter.php(509): CodeIgniter\CodeIgniter->runController(Object(App\Controllers\Home))
 7 SYSTEMPATH\CodeIgniter.php(355): CodeIgniter\CodeIgniter->handleRequest(null, Object(Config\Cache), false)
 8 SYSTEMPATH\Boot.php(312): CodeIgniter\CodeIgniter->run()
 9 SYSTEMPATH\Boot.php(67): CodeIgniter\Boot::runCodeIgniter(Object(CodeIgniter\CodeIgniter))
10 FCPATH\index.php(56): CodeIgniter\Boot::bootWeb(Object(Config\Paths))
CRITICAL - 2024-05-01 15:27:56 --> Error: Class "app\Models\Pisos" not found
[Method: GET, Route: recepcion]
in APPPATH\Views\pages\recepcion.php on line 10.
 1 SYSTEMPATH\View\View.php(234): include()
 2 SYSTEMPATH\View\View.php(237): CodeIgniter\View\View->CodeIgniter\View\{closure}()
 3 SYSTEMPATH\Common.php(1171): CodeIgniter\View\View->render('pages/recepcion', [], true)
 4 APPPATH\Controllers\Home.php(41): view('pages/recepcion')
 5 SYSTEMPATH\CodeIgniter.php(933): App\Controllers\Home->recepcion()
 6 SYSTEMPATH\CodeIgniter.php(509): CodeIgniter\CodeIgniter->runController(Object(App\Controllers\Home))
 7 SYSTEMPATH\CodeIgniter.php(355): CodeIgniter\CodeIgniter->handleRequest(null, Object(Config\Cache), false)
 8 SYSTEMPATH\Boot.php(312): CodeIgniter\CodeIgniter->run()
 9 SYSTEMPATH\Boot.php(67): CodeIgniter\Boot::runCodeIgniter(Object(CodeIgniter\CodeIgniter))
10 FCPATH\index.php(56): CodeIgniter\Boot::bootWeb(Object(Config\Paths))
CRITICAL - 2024-05-01 15:28:02 --> Error: Class "Pisos" not found
[Method: GET, Route: recepcion]
in APPPATH\Views\pages\recepcion.php on line 10.
 1 SYSTEMPATH\View\View.php(234): include()
 2 SYSTEMPATH\View\View.php(237): CodeIgniter\View\View->CodeIgniter\View\{closure}()
 3 SYSTEMPATH\Common.php(1171): CodeIgniter\View\View->render('pages/recepcion', [], true)
 4 APPPATH\Controllers\Home.php(41): view('pages/recepcion')
 5 SYSTEMPATH\CodeIgniter.php(933): App\Controllers\Home->recepcion()
 6 SYSTEMPATH\CodeIgniter.php(509): CodeIgniter\CodeIgniter->runController(Object(App\Controllers\Home))
 7 SYSTEMPATH\CodeIgniter.php(355): CodeIgniter\CodeIgniter->handleRequest(null, Object(Config\Cache), false)
 8 SYSTEMPATH\Boot.php(312): CodeIgniter\CodeIgniter->run()
 9 SYSTEMPATH\Boot.php(67): CodeIgniter\Boot::runCodeIgniter(Object(CodeIgniter\CodeIgniter))
10 FCPATH\index.php(56): CodeIgniter\Boot::bootWeb(Object(Config\Paths))
CRITICAL - 2024-05-01 15:29:24 --> Error: Class "PisoController" not found
[Method: GET, Route: recepcion]
in APPPATH\Views\pages\recepcion.php on line 10.
 1 SYSTEMPATH\View\View.php(234): include()
 2 SYSTEMPATH\View\View.php(237): CodeIgniter\View\View->CodeIgniter\View\{closure}()
 3 SYSTEMPATH\Common.php(1171): CodeIgniter\View\View->render('pages/recepcion', [], true)
 4 APPPATH\Controllers\Home.php(41): view('pages/recepcion')
 5 SYSTEMPATH\CodeIgniter.php(933): App\Controllers\Home->recepcion()
 6 SYSTEMPATH\CodeIgniter.php(509): CodeIgniter\CodeIgniter->runController(Object(App\Controllers\Home))
 7 SYSTEMPATH\CodeIgniter.php(355): CodeIgniter\CodeIgniter->handleRequest(null, Object(Config\Cache), false)
 8 SYSTEMPATH\Boot.php(312): CodeIgniter\CodeIgniter->run()
 9 SYSTEMPATH\Boot.php(67): CodeIgniter\Boot::runCodeIgniter(Object(CodeIgniter\CodeIgniter))
10 FCPATH\index.php(56): CodeIgniter\Boot::bootWeb(Object(Config\Paths))
CRITICAL - 2024-05-01 15:29:36 --> Error: Class "PisoModel" not found
[Method: GET, Route: recepcion]
in APPPATH\Views\pages\recepcion.php on line 10.
 1 SYSTEMPATH\View\View.php(234): include()
 2 SYSTEMPATH\View\View.php(237): CodeIgniter\View\View->CodeIgniter\View\{closure}()
 3 SYSTEMPATH\Common.php(1171): CodeIgniter\View\View->render('pages/recepcion', [], true)
 4 APPPATH\Controllers\Home.php(41): view('pages/recepcion')
 5 SYSTEMPATH\CodeIgniter.php(933): App\Controllers\Home->recepcion()
 6 SYSTEMPATH\CodeIgniter.php(509): CodeIgniter\CodeIgniter->runController(Object(App\Controllers\Home))
 7 SYSTEMPATH\CodeIgniter.php(355): CodeIgniter\CodeIgniter->handleRequest(null, Object(Config\Cache), false)
 8 SYSTEMPATH\Boot.php(312): CodeIgniter\CodeIgniter->run()
 9 SYSTEMPATH\Boot.php(67): CodeIgniter\Boot::runCodeIgniter(Object(CodeIgniter\CodeIgniter))
10 FCPATH\index.php(56): CodeIgniter\Boot::bootWeb(Object(Config\Paths))
CRITICAL - 2024-05-01 15:29:51 --> Error: Class "App\Model\PisoModel" not found
[Method: GET, Route: recepcion]
in APPPATH\Views\pages\recepcion.php on line 10.
 1 SYSTEMPATH\View\View.php(234): include()
 2 SYSTEMPATH\View\View.php(237): CodeIgniter\View\View->CodeIgniter\View\{closure}()
 3 SYSTEMPATH\Common.php(1171): CodeIgniter\View\View->render('pages/recepcion', [], true)
 4 APPPATH\Controllers\Home.php(41): view('pages/recepcion')
 5 SYSTEMPATH\CodeIgniter.php(933): App\Controllers\Home->recepcion()
 6 SYSTEMPATH\CodeIgniter.php(509): CodeIgniter\CodeIgniter->runController(Object(App\Controllers\Home))
 7 SYSTEMPATH\CodeIgniter.php(355): CodeIgniter\CodeIgniter->handleRequest(null, Object(Config\Cache), false)
 8 SYSTEMPATH\Boot.php(312): CodeIgniter\CodeIgniter->run()
 9 SYSTEMPATH\Boot.php(67): CodeIgniter\Boot::runCodeIgniter(Object(CodeIgniter\CodeIgniter))
10 FCPATH\index.php(56): CodeIgniter\Boot::bootWeb(Object(Config\Paths))
CRITICAL - 2024-05-01 15:30:42 --> ErrorException: Abstract function App\Models\PisoModel::get_pisos() cannot contain body
[Method: GET, Route: recepcion]
in APPPATH\Models\PisoModel.php on line 12.
 1 [internal function]: CodeIgniter\Debug\Exceptions->shutdownHandler()
CRITICAL - 2024-05-01 15:30:48 --> Error: Class "PisoModel" not found
[Method: GET, Route: recepcion]
in APPPATH\Views\pages\recepcion.php on line 10.
 1 SYSTEMPATH\View\View.php(234): include()
 2 SYSTEMPATH\View\View.php(237): CodeIgniter\View\View->CodeIgniter\View\{closure}()
 3 SYSTEMPATH\Common.php(1171): CodeIgniter\View\View->render('pages/recepcion', [], true)
 4 APPPATH\Controllers\Home.php(41): view('pages/recepcion')
 5 SYSTEMPATH\CodeIgniter.php(933): App\Controllers\Home->recepcion()
 6 SYSTEMPATH\CodeIgniter.php(509): CodeIgniter\CodeIgniter->runController(Object(App\Controllers\Home))
 7 SYSTEMPATH\CodeIgniter.php(355): CodeIgniter\CodeIgniter->handleRequest(null, Object(Config\Cache), false)
 8 SYSTEMPATH\Boot.php(312): CodeIgniter\CodeIgniter->run()
 9 SYSTEMPATH\Boot.php(67): CodeIgniter\Boot::runCodeIgniter(Object(CodeIgniter\CodeIgniter))
10 FCPATH\index.php(56): CodeIgniter\Boot::bootWeb(Object(Config\Paths))
CRITICAL - 2024-05-01 15:30:51 --> ErrorException: Abstract function App\Models\PisoModel::get_pisos() cannot contain body
[Method: GET, Route: recepcion]
in APPPATH\Models\PisoModel.php on line 12.
 1 [internal function]: CodeIgniter\Debug\Exceptions->shutdownHandler()
CRITICAL - 2024-05-01 15:46:07 --> ErrorException: Undefined variable $habitaciones
[Method: GET, Route: recepcion]
in APPPATH\Views\pages\recepcion.php on line 17.
 1 APPPATH\Views\pages\recepcion.php(17): CodeIgniter\Debug\Exceptions->errorHandler(2, 'Undefined variable $habitaciones', 'C:\\xampp\\htdocs\\sistema_hotelero\\app\\Views\\pages\\recepcion.php', 17)
 2 SYSTEMPATH\View\View.php(234): include('C:\\xampp\\htdocs\\sistema_hotelero\\app\\Views\\pages\\recepcion.php')
 3 SYSTEMPATH\View\View.php(237): CodeIgniter\View\View->CodeIgniter\View\{closure}()
 4 SYSTEMPATH\Common.php(1171): CodeIgniter\View\View->render('pages/recepcion', [], true)
 5 APPPATH\Controllers\Home.php(41): view('pages/recepcion')
 6 SYSTEMPATH\CodeIgniter.php(933): App\Controllers\Home->recepcion()
 7 SYSTEMPATH\CodeIgniter.php(509): CodeIgniter\CodeIgniter->runController(Object(App\Controllers\Home))
 8 SYSTEMPATH\CodeIgniter.php(355): CodeIgniter\CodeIgniter->handleRequest(null, Object(Config\Cache), false)
 9 SYSTEMPATH\Boot.php(312): CodeIgniter\CodeIgniter->run()
10 SYSTEMPATH\Boot.php(67): CodeIgniter\Boot::runCodeIgniter(Object(CodeIgniter\CodeIgniter))
11 FCPATH\index.php(56): CodeIgniter\Boot::bootWeb(Object(Config\Paths))
CRITICAL - 2024-05-01 15:48:57 --> ErrorException: Undefined variable $habitaciones
[Method: GET, Route: recepcion]
in APPPATH\Views\pages\recepcion.php on line 19.
 1 APPPATH\Views\pages\recepcion.php(19): CodeIgniter\Debug\Exceptions->errorHandler(2, 'Undefined variable $habitaciones', 'C:\\xampp\\htdocs\\sistema_hotelero\\app\\Views\\pages\\recepcion.php', 19)
 2 SYSTEMPATH\View\View.php(234): include('C:\\xampp\\htdocs\\sistema_hotelero\\app\\Views\\pages\\recepcion.php')
 3 SYSTEMPATH\View\View.php(237): CodeIgniter\View\View->CodeIgniter\View\{closure}()
 4 SYSTEMPATH\Common.php(1171): CodeIgniter\View\View->render('pages/recepcion', [], true)
 5 APPPATH\Controllers\Home.php(41): view('pages/recepcion')
 6 SYSTEMPATH\CodeIgniter.php(933): App\Controllers\Home->recepcion()
 7 SYSTEMPATH\CodeIgniter.php(509): CodeIgniter\CodeIgniter->runController(Object(App\Controllers\Home))
 8 SYSTEMPATH\CodeIgniter.php(355): CodeIgniter\CodeIgniter->handleRequest(null, Object(Config\Cache), false)
 9 SYSTEMPATH\Boot.php(312): CodeIgniter\CodeIgniter->run()
10 SYSTEMPATH\Boot.php(67): CodeIgniter\Boot::runCodeIgniter(Object(CodeIgniter\CodeIgniter))
11 FCPATH\index.php(56): CodeIgniter\Boot::bootWeb(Object(Config\Paths))
CRITICAL - 2024-05-01 15:49:01 --> ErrorException: Undefined variable $habitaciones
[Method: GET, Route: recepcion]
in APPPATH\Views\pages\recepcion.php on line 19.
 1 APPPATH\Views\pages\recepcion.php(19): CodeIgniter\Debug\Exceptions->errorHandler(2, 'Undefined variable $habitaciones', 'C:\\xampp\\htdocs\\sistema_hotelero\\app\\Views\\pages\\recepcion.php', 19)
 2 SYSTEMPATH\View\View.php(234): include('C:\\xampp\\htdocs\\sistema_hotelero\\app\\Views\\pages\\recepcion.php')
 3 SYSTEMPATH\View\View.php(237): CodeIgniter\View\View->CodeIgniter\View\{closure}()
 4 SYSTEMPATH\Common.php(1171): CodeIgniter\View\View->render('pages/recepcion', [], true)
 5 APPPATH\Controllers\Home.php(41): view('pages/recepcion')
 6 SYSTEMPATH\CodeIgniter.php(933): App\Controllers\Home->recepcion()
 7 SYSTEMPATH\CodeIgniter.php(509): CodeIgniter\CodeIgniter->runController(Object(App\Controllers\Home))
 8 SYSTEMPATH\CodeIgniter.php(355): CodeIgniter\CodeIgniter->handleRequest(null, Object(Config\Cache), false)
 9 SYSTEMPATH\Boot.php(312): CodeIgniter\CodeIgniter->run()
10 SYSTEMPATH\Boot.php(67): CodeIgniter\Boot::runCodeIgniter(Object(CodeIgniter\CodeIgniter))
11 FCPATH\index.php(56): CodeIgniter\Boot::bootWeb(Object(Config\Paths))
CRITICAL - 2024-05-01 23:31:17 --> ParseError: syntax error, unexpected variable "$habs", expecting "," or ";"
[Method: GET, Route: agregar_habitacion]
in APPPATH\Views\pages\admin\habitaciones\agregar_habitacion.php on line 5.
 1 SYSTEMPATH\View\View.php(237): CodeIgniter\View\View->CodeIgniter\View\{closure}()
 2 SYSTEMPATH\Common.php(1171): CodeIgniter\View\View->render('pages/admin/habitaciones/agregar_habitacion', [], true)
 3 APPPATH\Controllers\HabitacionController.php(36): view('pages/admin/habitaciones/agregar_habitacion')
 4 SYSTEMPATH\CodeIgniter.php(933): App\Controllers\HabitacionController->agregar_habitacion()
 5 SYSTEMPATH\CodeIgniter.php(509): CodeIgniter\CodeIgniter->runController(Object(App\Controllers\HabitacionController))
 6 SYSTEMPATH\CodeIgniter.php(355): CodeIgniter\CodeIgniter->handleRequest(null, Object(Config\Cache), false)
 7 SYSTEMPATH\Boot.php(312): CodeIgniter\CodeIgniter->run()
 8 SYSTEMPATH\Boot.php(67): CodeIgniter\Boot::runCodeIgniter(Object(CodeIgniter\CodeIgniter))
 9 FCPATH\index.php(56): CodeIgniter\Boot::bootWeb(Object(Config\Paths))
CRITICAL - 2024-05-01 23:36:44 --> Error: Class "HabitacionModel" not found
[Method: GET, Route: gestion_habitaciones]
in APPPATH\Views\pages\admin\gestion_habitacion.php on line 4.
 1 SYSTEMPATH\View\View.php(234): include()
 2 SYSTEMPATH\View\View.php(237): CodeIgniter\View\View->CodeIgniter\View\{closure}()
 3 SYSTEMPATH\Common.php(1171): CodeIgniter\View\View->render('pages/admin/gestion_habitacion', [], true)
 4 APPPATH\Controllers\Home.php(54): view('pages/admin/gestion_habitacion')
 5 SYSTEMPATH\CodeIgniter.php(933): App\Controllers\Home->gestion_habitaciones()
 6 SYSTEMPATH\CodeIgniter.php(509): CodeIgniter\CodeIgniter->runController(Object(App\Controllers\Home))
 7 SYSTEMPATH\CodeIgniter.php(355): CodeIgniter\CodeIgniter->handleRequest(null, Object(Config\Cache), false)
 8 SYSTEMPATH\Boot.php(312): CodeIgniter\CodeIgniter->run()
 9 SYSTEMPATH\Boot.php(67): CodeIgniter\Boot::runCodeIgniter(Object(CodeIgniter\CodeIgniter))
10 FCPATH\index.php(56): CodeIgniter\Boot::bootWeb(Object(Config\Paths))
CRITICAL - 2024-05-01 23:37:08 --> ErrorException: Undefined variable $xml_pisos
[Method: GET, Route: gestion_habitaciones]
in APPPATH\Views\pages\admin\gestion_habitacion.php on line 12.
 1 APPPATH\Views\pages\admin\gestion_habitacion.php(12): CodeIgniter\Debug\Exceptions->errorHandler(2, 'Undefined variable $xml_pisos', 'C:\\xampp\\htdocs\\sistema_hotelero\\app\\Views\\pages\\admin\\gestion_habitacion.php', 12)
 2 SYSTEMPATH\View\View.php(234): include('C:\\xampp\\htdocs\\sistema_hotelero\\app\\Views\\pages\\admin\\gestion_habitacion.php')
 3 SYSTEMPATH\View\View.php(237): CodeIgniter\View\View->CodeIgniter\View\{closure}()
 4 SYSTEMPATH\Common.php(1171): CodeIgniter\View\View->render('pages/admin/gestion_habitacion', [], true)
 5 APPPATH\Controllers\Home.php(54): view('pages/admin/gestion_habitacion')
 6 SYSTEMPATH\CodeIgniter.php(933): App\Controllers\Home->gestion_habitaciones()
 7 SYSTEMPATH\CodeIgniter.php(509): CodeIgniter\CodeIgniter->runController(Object(App\Controllers\Home))
 8 SYSTEMPATH\CodeIgniter.php(355): CodeIgniter\CodeIgniter->handleRequest(null, Object(Config\Cache), false)
 9 SYSTEMPATH\Boot.php(312): CodeIgniter\CodeIgniter->run()
10 SYSTEMPATH\Boot.php(67): CodeIgniter\Boot::runCodeIgniter(Object(CodeIgniter\CodeIgniter))
11 FCPATH\index.php(56): CodeIgniter\Boot::bootWeb(Object(Config\Paths))
CRITICAL - 2024-05-01 23:46:33 --> Error: Class "PisoModel" not found
[Method: GET, Route: gestion_habitaciones]
in APPPATH\Views\pages\admin\gestion_habitacion.php on line 6.
 1 SYSTEMPATH\View\View.php(234): include()
 2 SYSTEMPATH\View\View.php(237): CodeIgniter\View\View->CodeIgniter\View\{closure}()
 3 SYSTEMPATH\Common.php(1171): CodeIgniter\View\View->render('pages/admin/gestion_habitacion', [], true)
 4 APPPATH\Controllers\Home.php(54): view('pages/admin/gestion_habitacion')
 5 SYSTEMPATH\CodeIgniter.php(933): App\Controllers\Home->gestion_habitaciones()
 6 SYSTEMPATH\CodeIgniter.php(509): CodeIgniter\CodeIgniter->runController(Object(App\Controllers\Home))
 7 SYSTEMPATH\CodeIgniter.php(355): CodeIgniter\CodeIgniter->handleRequest(null, Object(Config\Cache), false)
 8 SYSTEMPATH\Boot.php(312): CodeIgniter\CodeIgniter->run()
 9 SYSTEMPATH\Boot.php(67): CodeIgniter\Boot::runCodeIgniter(Object(CodeIgniter\CodeIgniter))
10 FCPATH\index.php(56): CodeIgniter\Boot::bootWeb(Object(Config\Paths))
CRITICAL - 2024-05-01 23:47:10 --> CodeIgniter\Database\Exceptions\DatabaseException: You must set the database table to be used with your query.
[Method: GET, Route: gestion_habitaciones]
in SYSTEMPATH\Database\BaseConnection.php on line 913.
 1 SYSTEMPATH\Model.php(705): CodeIgniter\Database\BaseConnection->table(null)
 2 SYSTEMPATH\Model.php(911): CodeIgniter\Model->builder()
 3 APPPATH\Views\pages\admin\gestion_habitacion.php(11): CodeIgniter\Model->__call('obtenerTiposHabitacion', [])
 4 SYSTEMPATH\View\View.php(234): include('C:\\xampp\\htdocs\\sistema_hotelero\\app\\Views\\pages\\admin\\gestion_habitacion.php')
 5 SYSTEMPATH\View\View.php(237): CodeIgniter\View\View->CodeIgniter\View\{closure}()
 6 SYSTEMPATH\Common.php(1171): CodeIgniter\View\View->render('pages/admin/gestion_habitacion', [], true)
 7 APPPATH\Controllers\Home.php(54): view('pages/admin/gestion_habitacion')
 8 SYSTEMPATH\CodeIgniter.php(933): App\Controllers\Home->gestion_habitaciones()
 9 SYSTEMPATH\CodeIgniter.php(509): CodeIgniter\CodeIgniter->runController(Object(App\Controllers\Home))
10 SYSTEMPATH\CodeIgniter.php(355): CodeIgniter\CodeIgniter->handleRequest(null, Object(Config\Cache), false)
11 SYSTEMPATH\Boot.php(312): CodeIgniter\CodeIgniter->run()
12 SYSTEMPATH\Boot.php(67): CodeIgniter\Boot::runCodeIgniter(Object(CodeIgniter\CodeIgniter))
13 FCPATH\index.php(56): CodeIgniter\Boot::bootWeb(Object(Config\Paths))
CRITICAL - 2024-05-01 23:47:38 --> CodeIgniter\Database\Exceptions\DatabaseException: You must set the database table to be used with your query.
[Method: GET, Route: gestion_habitaciones]
in SYSTEMPATH\Database\BaseConnection.php on line 913.
 1 SYSTEMPATH\Model.php(705): CodeIgniter\Database\BaseConnection->table(null)
 2 SYSTEMPATH\Model.php(911): CodeIgniter\Model->builder()
 3 APPPATH\Views\pages\admin\gestion_habitacion.php(11): CodeIgniter\Model->__call('obtenerTiposHabitacion', [])
 4 SYSTEMPATH\View\View.php(234): include('C:\\xampp\\htdocs\\sistema_hotelero\\app\\Views\\pages\\admin\\gestion_habitacion.php')
 5 SYSTEMPATH\View\View.php(237): CodeIgniter\View\View->CodeIgniter\View\{closure}()
 6 SYSTEMPATH\Common.php(1171): CodeIgniter\View\View->render('pages/admin/gestion_habitacion', [], true)
 7 APPPATH\Controllers\Home.php(54): view('pages/admin/gestion_habitacion')
 8 SYSTEMPATH\CodeIgniter.php(933): App\Controllers\Home->gestion_habitaciones()
 9 SYSTEMPATH\CodeIgniter.php(509): CodeIgniter\CodeIgniter->runController(Object(App\Controllers\Home))
10 SYSTEMPATH\CodeIgniter.php(355): CodeIgniter\CodeIgniter->handleRequest(null, Object(Config\Cache), false)
11 SYSTEMPATH\Boot.php(312): CodeIgniter\CodeIgniter->run()
12 SYSTEMPATH\Boot.php(67): CodeIgniter\Boot::runCodeIgniter(Object(CodeIgniter\CodeIgniter))
13 FCPATH\index.php(56): CodeIgniter\Boot::bootWeb(Object(Config\Paths))
CRITICAL - 2024-05-01 23:47:52 --> ErrorException: Undefined variable $xml_estados
[Method: GET, Route: gestion_habitaciones]
in APPPATH\Models\EstadoModel.php on line 16.
 1 APPPATH\Models\EstadoModel.php(16): CodeIgniter\Debug\Exceptions->errorHandler(2, 'Undefined variable $xml_estados', 'C:\\xampp\\htdocs\\sistema_hotelero\\app\\Models\\EstadoModel.php', 16)
 2 APPPATH\Views\pages\admin\gestion_habitacion.php(13): App\Models\EstadoModel->obtenerEstados()
 3 SYSTEMPATH\View\View.php(234): include('C:\\xampp\\htdocs\\sistema_hotelero\\app\\Views\\pages\\admin\\gestion_habitacion.php')
 4 SYSTEMPATH\View\View.php(237): CodeIgniter\View\View->CodeIgniter\View\{closure}()
 5 SYSTEMPATH\Common.php(1171): CodeIgniter\View\View->render('pages/admin/gestion_habitacion', [], true)
 6 APPPATH\Controllers\Home.php(54): view('pages/admin/gestion_habitacion')
 7 SYSTEMPATH\CodeIgniter.php(933): App\Controllers\Home->gestion_habitaciones()
 8 SYSTEMPATH\CodeIgniter.php(509): CodeIgniter\CodeIgniter->runController(Object(App\Controllers\Home))
 9 SYSTEMPATH\CodeIgniter.php(355): CodeIgniter\CodeIgniter->handleRequest(null, Object(Config\Cache), false)
10 SYSTEMPATH\Boot.php(312): CodeIgniter\CodeIgniter->run()
11 SYSTEMPATH\Boot.php(67): CodeIgniter\Boot::runCodeIgniter(Object(CodeIgniter\CodeIgniter))
12 FCPATH\index.php(56): CodeIgniter\Boot::bootWeb(Object(Config\Paths))
